# JRE version: Java(TM) SE Runtime Environment (8.0_25-b18) (build 1.8.0_25-b18)
# Java VM: Java HotSpot(TM) 64-Bit Server VM (25.25-b02 mixed mode windows-amd64 compressed oops)
Heap:
 PSYoungGen      total 314880K, used 99781K [0x00000000eab00000, 0x0000000100000000, 0x0000000100000000)
  eden space 293888K, 33% used [0x00000000eab00000,0x00000000f0c71768,0x00000000fca00000)
  from space 20992K, 0% used [0x00000000feb80000,0x00000000feb80000,0x0000000100000000)
  to   space 27648K, 0% used [0x00000000fca00000,0x00000000fca00000,0x00000000fe500000)
 ParOldGen       total 70144K, used 56380K [0x00000000c0000000, 0x00000000c4480000, 0x00000000eab00000)
  object space 70144K, 80% used [0x00000000c0000000,0x00000000c370f120,0x00000000c4480000)
 Metaspace       used 51938K, capacity 55316K, committed 55424K, reserved 1095680K
  class space    used 7212K, capacity 8259K, committed 8320K, reserved 1048576K
GC Heap History (10 events):
Event: 42.362 GC heap before
{Heap before GC invocations=10 (full 2):
 PSYoungGen      total 327168K, used 12898K [0x00000000eab00000, 0x0000000100000000, 0x0000000100000000)
  eden space 307200K, 0% used [0x00000000eab00000,0x00000000eab00000,0x00000000fd700000)
  from space 19968K, 64% used [0x00000000fec80000,0x00000000ff918aa0,0x0000000100000000)
  to   space 20992K, 0% used [0x00000000fd700000,0x00000000fd700000,0x00000000feb80000)
 ParOldGen       total 58880K, used 20704K [0x00000000c0000000, 0x00000000c3980000, 0x00000000eab00000)
  object space 58880K, 35% used [0x00000000c0000000,0x00000000c1438000,0x00000000c3980000)
 Metaspace       used 34378K, capacity 35470K, committed 35496K, reserved 1079296K
  class space    used 4618K, capacity 5106K, committed 5120K, reserved 1048576K
Event: 42.504 GC heap after
Heap after GC invocations=10 (full 2):
 PSYoungGen      total 327168K, used 0K [0x00000000eab00000, 0x0000000100000000, 0x0000000100000000)
  eden space 307200K, 0% used [0x00000000eab00000,0x00000000eab00000,0x00000000fd700000)
  from space 19968K, 0% used [0x00000000fec80000,0x00000000fec80000,0x0000000100000000)
  to   space 20992K, 0% used [0x00000000fd700000,0x00000000fd700000,0x00000000feb80000)
 ParOldGen       total 70144K, used 20175K [0x00000000c0000000, 0x00000000c4480000, 0x00000000eab00000)
  object space 70144K, 28% used [0x00000000c0000000,0x00000000c13b3df8,0x00000000c4480000)
 Metaspace       used 34344K, capacity 35356K, committed 35496K, reserved 1079296K
  class space    used 4612K, capacity 5072K, committed 5120K, reserved 1048576K
}
Event: 46.954 GC heap before
{Heap before GC invocations=11 (full 2):
 PSYoungGen      total 327168K, used 257449K [0x00000000eab00000, 0x0000000100000000, 0x0000000100000000)
  eden space 307200K, 83% used [0x00000000eab00000,0x00000000fa66a560,0x00000000fd700000)
  from space 19968K, 0% used [0x00000000fec80000,0x00000000fec80000,0x0000000100000000)
  to   space 20992K, 0% used [0x00000000fd700000,0x00000000fd700000,0x00000000feb80000)
 ParOldGen       total 70144K, used 20175K [0x00000000c0000000, 0x00000000c4480000, 0x00000000eab00000)
  object space 70144K, 28% used [0x00000000c0000000,0x00000000c13b3df8,0x00000000c4480000)
 Metaspace       used 42596K, capacity 44638K, committed 44928K, reserved 1087488K
  class space    used 5935K, capacity 6659K, committed 6784K, reserved 1048576K
Event: 46.996 GC heap after
Heap after GC invocations=11 (full 2):
 PSYoungGen      total 328192K, used 20985K [0x00000000eab00000, 0x0000000100000000, 0x0000000100000000)
  eden space 307200K, 0% used [0x00000000eab00000,0x00000000eab00000,0x00000000fd700000)
  from space 20992K, 99% used [0x00000000fd700000,0x00000000feb7e518,0x00000000feb80000)
  to   space 20992K, 0% used [0x00000000feb80000,0x00000000feb80000,0x0000000100000000)
 ParOldGen       total 70144K, used 29294K [0x00000000c0000000, 0x00000000c4480000, 0x00000000eab00000)
  object space 70144K, 41% used [0x00000000c0000000,0x00000000c1c9bbd8,0x00000000c4480000)
 Metaspace       used 42596K, capacity 44638K, committed 44928K, reserved 1087488K
  class space    used 5935K, capacity 6659K, committed 6784K, reserved 1048576K
}
Event: 46.996 GC heap before
{Heap before GC invocations=12 (full 3):
 PSYoungGen      total 328192K, used 20985K [0x00000000eab00000, 0x0000000100000000, 0x0000000100000000)
  eden space 307200K, 0% used [0x00000000eab00000,0x00000000eab00000,0x00000000fd700000)
  from space 20992K, 99% used [0x00000000fd700000,0x00000000feb7e518,0x00000000feb80000)
  to   space 20992K, 0% used [0x00000000feb80000,0x00000000feb80000,0x0000000100000000)
 ParOldGen       total 70144K, used 29294K [0x00000000c0000000, 0x00000000c4480000, 0x00000000eab00000)
  object space 70144K, 41% used [0x00000000c0000000,0x00000000c1c9bbd8,0x00000000c4480000)
 Metaspace       used 42596K, capacity 44638K, committed 44928K, reserved 1087488K
  class space    used 5935K, capacity 6659K, committed 6784K, reserved 1048576K
Event: 47.355 GC heap after
Heap after GC invocations=12 (full 3):
 PSYoungGen      total 328192K, used 0K [0x00000000eab00000, 0x0000000100000000, 0x0000000100000000)
  eden space 307200K, 0% used [0x00000000eab00000,0x00000000eab00000,0x00000000fd700000)
  from space 20992K, 0% used [0x00000000fd700000,0x00000000fd700000,0x00000000feb80000)
  to   space 20992K, 0% used [0x00000000feb80000,0x00000000feb80000,0x0000000100000000)
 ParOldGen       total 70144K, used 49230K [0x00000000c0000000, 0x00000000c4480000, 0x00000000eab00000)
  object space 70144K, 70% used [0x00000000c0000000,0x00000000c3013a10,0x00000000c4480000)
 Metaspace       used 42596K, capacity 44638K, committed 44928K, reserved 1087488K
  class space    used 5935K, capacity 6659K, committed 6784K, reserved 1048576K
}
Event: 821.290 GC heap before
{Heap before GC invocations=13 (full 3):
 PSYoungGen      total 328192K, used 273839K [0x00000000eab00000, 0x0000000100000000, 0x0000000100000000)
  eden space 307200K, 89% used [0x00000000eab00000,0x00000000fb66bcf0,0x00000000fd700000)
  from space 20992K, 0% used [0x00000000fd700000,0x00000000fd700000,0x00000000feb80000)
  to   space 20992K, 0% used [0x00000000feb80000,0x00000000feb80000,0x0000000100000000)
 ParOldGen       total 70144K, used 49230K [0x00000000c0000000, 0x00000000c4480000, 0x00000000eab00000)
  object space 70144K, 70% used [0x00000000c0000000,0x00000000c3013a10,0x00000000c4480000)
 Metaspace       used 51359K, capacity 54358K, committed 54528K, reserved 1095680K
  class space    used 7142K, capacity 8127K, committed 8192K, reserved 1048576K
Event: 821.301 GC heap after
Heap after GC invocations=13 (full 3):
 PSYoungGen      total 314880K, used 11813K [0x00000000eab00000, 0x0000000100000000, 0x0000000100000000)
  eden space 293888K, 0% used [0x00000000eab00000,0x00000000eab00000,0x00000000fca00000)
  from space 20992K, 56% used [0x00000000feb80000,0x00000000ff7095f8,0x0000000100000000)
  to   space 27648K, 0% used [0x00000000fca00000,0x00000000fca00000,0x00000000fe500000)
 ParOldGen       total 70144K, used 49238K [0x00000000c0000000, 0x00000000c4480000, 0x00000000eab00000)
  object space 70144K, 70% used [0x00000000c0000000,0x00000000c3015a10,0x00000000c4480000)
 Metaspace       used 51359K, capacity 54358K, committed 54528K, reserved 1095680K
  class space    used 7142K, capacity 8127K, committed 8192K, reserved 1048576K
}
Event: 821.301 GC heap before
{Heap before GC invocations=14 (full 4):
 PSYoungGen      total 314880K, used 11813K [0x00000000eab00000, 0x0000000100000000, 0x0000000100000000)
  eden space 293888K, 0% used [0x00000000eab00000,0x00000000eab00000,0x00000000fca00000)
  from space 20992K, 56% used [0x00000000feb80000,0x00000000ff7095f8,0x0000000100000000)
  to   space 27648K, 0% used [0x00000000fca00000,0x00000000fca00000,0x00000000fe500000)
 ParOldGen       total 70144K, used 49238K [0x00000000c0000000, 0x00000000c4480000, 0x00000000eab00000)
  object space 70144K, 70% used [0x00000000c0000000,0x00000000c3015a10,0x00000000c4480000)
 Metaspace       used 51359K, capacity 54358K, committed 54528K, reserved 1095680K
  class space    used 7142K, capacity 8127K, committed 8192K, reserved 1048576K
Event: 821.663 GC heap after
Heap after GC invocations=14 (full 4):
 PSYoungGen      total 314880K, used 0K [0x00000000eab00000, 0x0000000100000000, 0x0000000100000000)
  eden space 293888K, 0% used [0x00000000eab00000,0x00000000eab00000,0x00000000fca00000)
  from space 20992K, 0% used [0x00000000feb80000,0x00000000feb80000,0x0000000100000000)
  to   space 27648K, 0% used [0x00000000fca00000,0x00000000fca00000,0x00000000fe500000)
 ParOldGen       total 70144K, used 56380K [0x00000000c0000000, 0x00000000c4480000, 0x00000000eab00000)
  object space 70144K, 80% used [0x00000000c0000000,0x00000000c370f120,0x00000000c4480000)
 Metaspace       used 51359K, capacity 54358K, committed 54528K, reserved 1095680K
  class space    used 7142K, capacity 8127K, committed 8192K, reserved 1048576K
}

